[06-Sep-2024 07:18:28 UTC] WordPress database error You have an error in your SQL syntax; check the manual that corresponds to your MySQL server version for the right syntax to use near 'CURRENT_DATE(),
        lastModified    DATETIME            NOT NULL default NO' at line 13 for query CREATE TABLE IF NOT EXISTS wp_tqdp_product_traffic (
        id              INT(9)              NOT NULL   AUTO_INCREMENT,
        ipv4            varchar(50)         NOT NULL,
        device          varchar(50)         NOT NULL,
        source          varchar(50)         NOT NULL,
        productId       varchar(50)         NOT NULL,
        view            SMALLINT            NOT NULL default 0,
        atc             SMALLINT            NOT NULL default 0,
        checkout        SMALLINT            NOT NULL default 0,
        orderCount      SMALLINT            NOT NULL default 0,
        orderItem       SMALLINT            NOT NULL default 0,
        orderAmount     DECIMAL(10,2)       NOT NULL default 0,
        createDate      DATE                NOT NULL default CURRENT_DATE(),
        lastModified    DATETIME            NOT NULL default NOW(),
        PRIMARY KEY  (id)
        ) DEFAULT CHARACTER SET utf8mb4 COLLATE utf8mb4_unicode_520_ci made by require_once('wp-admin/admin.php'), require_once('wp-load.php'), require_once('wp-config.php'), require_once('wp-settings.php'), do_action('init'), WP_Hook->do_action, WP_Hook->apply_filters, createTable, dbDelta
[06-Sep-2024 07:18:28 UTC] WordPress database error You have an error in your SQL syntax; check the manual that corresponds to your MySQL server version for the right syntax to use near 'CURRENT_DATE(),
        lastModified    DATETIME            NOT NULL default NO' at line 13 for query CREATE TABLE IF NOT EXISTS wp_tqdp_product_traffic_report (
        id              INT(9)              NOT NULL   AUTO_INCREMENT,
        ipv4            varchar(50)         NOT NULL,
        device          varchar(50)         NOT NULL,
        source          varchar(50)         NOT NULL,
        productId       varchar(50)         NOT NULL,
        view            SMALLINT            NOT NULL default 0,
        atc             SMALLINT            NOT NULL default 0,
        checkout        SMALLINT            NOT NULL default 0,
        orderCount      SMALLINT            NOT NULL default 0,
        orderItem       SMALLINT            NOT NULL default 0,
        orderAmount     DECIMAL(10,2)       NOT NULL default 0,
        createDate      DATE                NOT NULL default CURRENT_DATE(),
        lastModified    DATETIME            NOT NULL default NOW(),
        PRIMARY KEY  (id)
        ) DEFAULT CHARACTER SET utf8mb4 COLLATE utf8mb4_unicode_520_ci made by require_once('wp-admin/admin.php'), require_once('wp-load.php'), require_once('wp-config.php'), require_once('wp-settings.php'), do_action('init'), WP_Hook->do_action, WP_Hook->apply_filters, createTable, dbDelta
[06-Sep-2024 07:18:29 UTC] WordPress database error You have an error in your SQL syntax; check the manual that corresponds to your MySQL server version for the right syntax to use near 'CURRENT_DATE(),
        lastModified    DATETIME            NOT NULL default NO' at line 13 for query CREATE TABLE IF NOT EXISTS wp_tqdp_product_traffic (
        id              INT(9)              NOT NULL   AUTO_INCREMENT,
        ipv4            varchar(50)         NOT NULL,
        device          varchar(50)         NOT NULL,
        source          varchar(50)         NOT NULL,
        productId       varchar(50)         NOT NULL,
        view            SMALLINT            NOT NULL default 0,
        atc             SMALLINT            NOT NULL default 0,
        checkout        SMALLINT            NOT NULL default 0,
        orderCount      SMALLINT            NOT NULL default 0,
        orderItem       SMALLINT            NOT NULL default 0,
        orderAmount     DECIMAL(10,2)       NOT NULL default 0,
        createDate      DATE                NOT NULL default CURRENT_DATE(),
        lastModified    DATETIME            NOT NULL default NOW(),
        PRIMARY KEY  (id)
        ) DEFAULT CHARACTER SET utf8mb4 COLLATE utf8mb4_unicode_520_ci made by require_once('wp-load.php'), require_once('wp-config.php'), require_once('wp-settings.php'), do_action('init'), WP_Hook->do_action, WP_Hook->apply_filters, createTable, dbDelta
[06-Sep-2024 07:18:29 UTC] WordPress database error You have an error in your SQL syntax; check the manual that corresponds to your MySQL server version for the right syntax to use near 'CURRENT_DATE(),
        lastModified    DATETIME            NOT NULL default NO' at line 13 for query CREATE TABLE IF NOT EXISTS wp_tqdp_product_traffic_report (
        id              INT(9)              NOT NULL   AUTO_INCREMENT,
        ipv4            varchar(50)         NOT NULL,
        device          varchar(50)         NOT NULL,
        source          varchar(50)         NOT NULL,
        productId       varchar(50)         NOT NULL,
        view            SMALLINT            NOT NULL default 0,
        atc             SMALLINT            NOT NULL default 0,
        checkout        SMALLINT            NOT NULL default 0,
        orderCount      SMALLINT            NOT NULL default 0,
        orderItem       SMALLINT            NOT NULL default 0,
        orderAmount     DECIMAL(10,2)       NOT NULL default 0,
        createDate      DATE                NOT NULL default CURRENT_DATE(),
        lastModified    DATETIME            NOT NULL default NOW(),
        PRIMARY KEY  (id)
        ) DEFAULT CHARACTER SET utf8mb4 COLLATE utf8mb4_unicode_520_ci made by require_once('wp-load.php'), require_once('wp-config.php'), require_once('wp-settings.php'), do_action('init'), WP_Hook->do_action, WP_Hook->apply_filters, createTable, dbDelta
[06-Sep-2024 07:18:35 UTC] WordPress database error You have an error in your SQL syntax; check the manual that corresponds to your MySQL server version for the right syntax to use near 'CURRENT_DATE(),
        lastModified    DATETIME            NOT NULL default NO' at line 13 for query CREATE TABLE IF NOT EXISTS wp_tqdp_product_traffic (
        id              INT(9)              NOT NULL   AUTO_INCREMENT,
        ipv4            varchar(50)         NOT NULL,
        device          varchar(50)         NOT NULL,
        source          varchar(50)         NOT NULL,
        productId       varchar(50)         NOT NULL,
        view            SMALLINT            NOT NULL default 0,
        atc             SMALLINT            NOT NULL default 0,
        checkout        SMALLINT            NOT NULL default 0,
        orderCount      SMALLINT            NOT NULL default 0,
        orderItem       SMALLINT            NOT NULL default 0,
        orderAmount     DECIMAL(10,2)       NOT NULL default 0,
        createDate      DATE                NOT NULL default CURRENT_DATE(),
        lastModified    DATETIME            NOT NULL default NOW(),
        PRIMARY KEY  (id)
        ) DEFAULT CHARACTER SET utf8mb4 COLLATE utf8mb4_unicode_520_ci made by require_once('wp-admin/admin.php'), require_once('wp-load.php'), require_once('wp-config.php'), require_once('wp-settings.php'), do_action('init'), WP_Hook->do_action, WP_Hook->apply_filters, createTable, dbDelta
[06-Sep-2024 07:18:35 UTC] WordPress database error You have an error in your SQL syntax; check the manual that corresponds to your MySQL server version for the right syntax to use near 'CURRENT_DATE(),
        lastModified    DATETIME            NOT NULL default NO' at line 13 for query CREATE TABLE IF NOT EXISTS wp_tqdp_product_traffic_report (
        id              INT(9)              NOT NULL   AUTO_INCREMENT,
        ipv4            varchar(50)         NOT NULL,
        device          varchar(50)         NOT NULL,
        source          varchar(50)         NOT NULL,
        productId       varchar(50)         NOT NULL,
        view            SMALLINT            NOT NULL default 0,
        atc             SMALLINT            NOT NULL default 0,
        checkout        SMALLINT            NOT NULL default 0,
        orderCount      SMALLINT            NOT NULL default 0,
        orderItem       SMALLINT            NOT NULL default 0,
        orderAmount     DECIMAL(10,2)       NOT NULL default 0,
        createDate      DATE                NOT NULL default CURRENT_DATE(),
        lastModified    DATETIME            NOT NULL default NOW(),
        PRIMARY KEY  (id)
        ) DEFAULT CHARACTER SET utf8mb4 COLLATE utf8mb4_unicode_520_ci made by require_once('wp-admin/admin.php'), require_once('wp-load.php'), require_once('wp-config.php'), require_once('wp-settings.php'), do_action('init'), WP_Hook->do_action, WP_Hook->apply_filters, createTable, dbDelta
[06-Sep-2024 07:18:36 UTC] WordPress database error You have an error in your SQL syntax; check the manual that corresponds to your MySQL server version for the right syntax to use near 'CURRENT_DATE(),
        lastModified    DATETIME            NOT NULL default NO' at line 13 for query CREATE TABLE IF NOT EXISTS wp_tqdp_product_traffic (
        id              INT(9)              NOT NULL   AUTO_INCREMENT,
        ipv4            varchar(50)         NOT NULL,
        device          varchar(50)         NOT NULL,
        source          varchar(50)         NOT NULL,
        productId       varchar(50)         NOT NULL,
        view            SMALLINT            NOT NULL default 0,
        atc             SMALLINT            NOT NULL default 0,
        checkout        SMALLINT            NOT NULL default 0,
        orderCount      SMALLINT            NOT NULL default 0,
        orderItem       SMALLINT            NOT NULL default 0,
        orderAmount     DECIMAL(10,2)       NOT NULL default 0,
        createDate      DATE                NOT NULL default CURRENT_DATE(),
        lastModified    DATETIME            NOT NULL default NOW(),
        PRIMARY KEY  (id)
        ) DEFAULT CHARACTER SET utf8mb4 COLLATE utf8mb4_unicode_520_ci made by require('wp-blog-header.php'), require_once('wp-load.php'), require_once('wp-config.php'), require_once('wp-settings.php'), do_action('init'), WP_Hook->do_action, WP_Hook->apply_filters, createTable, dbDelta
[06-Sep-2024 07:18:36 UTC] WordPress database error You have an error in your SQL syntax; check the manual that corresponds to your MySQL server version for the right syntax to use near 'CURRENT_DATE(),
        lastModified    DATETIME            NOT NULL default NO' at line 13 for query CREATE TABLE IF NOT EXISTS wp_tqdp_product_traffic_report (
        id              INT(9)              NOT NULL   AUTO_INCREMENT,
        ipv4            varchar(50)         NOT NULL,
        device          varchar(50)         NOT NULL,
        source          varchar(50)         NOT NULL,
        productId       varchar(50)         NOT NULL,
        view            SMALLINT            NOT NULL default 0,
        atc             SMALLINT            NOT NULL default 0,
        checkout        SMALLINT            NOT NULL default 0,
        orderCount      SMALLINT            NOT NULL default 0,
        orderItem       SMALLINT            NOT NULL default 0,
        orderAmount     DECIMAL(10,2)       NOT NULL default 0,
        createDate      DATE                NOT NULL default CURRENT_DATE(),
        lastModified    DATETIME            NOT NULL default NOW(),
        PRIMARY KEY  (id)
        ) DEFAULT CHARACTER SET utf8mb4 COLLATE utf8mb4_unicode_520_ci made by require('wp-blog-header.php'), require_once('wp-load.php'), require_once('wp-config.php'), require_once('wp-settings.php'), do_action('init'), WP_Hook->do_action, WP_Hook->apply_filters, createTable, dbDelta
[06-Sep-2024 07:19:37 UTC] WordPress database error You have an error in your SQL syntax; check the manual that corresponds to your MySQL server version for the right syntax to use near 'CURDATE(),
        lastModified    DATETIME            NOT NULL default NOW(),' at line 13 for query CREATE TABLE IF NOT EXISTS wp_tqdp_product_traffic (
        id              INT(9)              NOT NULL   AUTO_INCREMENT,
        ipv4            varchar(50)         NOT NULL,
        device          varchar(50)         NOT NULL,
        source          varchar(50)         NOT NULL,
        productId       varchar(50)         NOT NULL,
        view            SMALLINT            NOT NULL default 0,
        atc             SMALLINT            NOT NULL default 0,
        checkout        SMALLINT            NOT NULL default 0,
        orderCount      SMALLINT            NOT NULL default 0,
        orderItem       SMALLINT            NOT NULL default 0,
        orderAmount     DECIMAL(10,2)       NOT NULL default 0,
        createDate      DATE                NOT NULL default CURDATE(),
        lastModified    DATETIME            NOT NULL default NOW(),
        PRIMARY KEY  (id)
        ) DEFAULT CHARACTER SET utf8mb4 COLLATE utf8mb4_unicode_520_ci made by require_once('wp-load.php'), require_once('wp-config.php'), require_once('wp-settings.php'), do_action('init'), WP_Hook->do_action, WP_Hook->apply_filters, createTable, dbDelta
[06-Sep-2024 07:19:37 UTC] WordPress database error You have an error in your SQL syntax; check the manual that corresponds to your MySQL server version for the right syntax to use near 'CURDATE(),
        lastModified    DATETIME            NOT NULL default NOW(),' at line 13 for query CREATE TABLE IF NOT EXISTS wp_tqdp_product_traffic_report (
        id              INT(9)              NOT NULL   AUTO_INCREMENT,
        ipv4            varchar(50)         NOT NULL,
        device          varchar(50)         NOT NULL,
        source          varchar(50)         NOT NULL,
        productId       varchar(50)         NOT NULL,
        view            SMALLINT            NOT NULL default 0,
        atc             SMALLINT            NOT NULL default 0,
        checkout        SMALLINT            NOT NULL default 0,
        orderCount      SMALLINT            NOT NULL default 0,
        orderItem       SMALLINT            NOT NULL default 0,
        orderAmount     DECIMAL(10,2)       NOT NULL default 0,
        createDate      DATE                NOT NULL default CURDATE(),
        lastModified    DATETIME            NOT NULL default NOW(),
        PRIMARY KEY  (id)
        ) DEFAULT CHARACTER SET utf8mb4 COLLATE utf8mb4_unicode_520_ci made by require_once('wp-load.php'), require_once('wp-config.php'), require_once('wp-settings.php'), do_action('init'), WP_Hook->do_action, WP_Hook->apply_filters, createTable, dbDelta
[06-Sep-2024 07:19:38 UTC] WordPress database error You have an error in your SQL syntax; check the manual that corresponds to your MySQL server version for the right syntax to use near 'CURDATE(),
        lastModified    DATETIME            NOT NULL default NOW(),' at line 13 for query CREATE TABLE IF NOT EXISTS wp_tqdp_product_traffic (
        id              INT(9)              NOT NULL   AUTO_INCREMENT,
        ipv4            varchar(50)         NOT NULL,
        device          varchar(50)         NOT NULL,
        source          varchar(50)         NOT NULL,
        productId       varchar(50)         NOT NULL,
        view            SMALLINT            NOT NULL default 0,
        atc             SMALLINT            NOT NULL default 0,
        checkout        SMALLINT            NOT NULL default 0,
        orderCount      SMALLINT            NOT NULL default 0,
        orderItem       SMALLINT            NOT NULL default 0,
        orderAmount     DECIMAL(10,2)       NOT NULL default 0,
        createDate      DATE                NOT NULL default CURDATE(),
        lastModified    DATETIME            NOT NULL default NOW(),
        PRIMARY KEY  (id)
        ) DEFAULT CHARACTER SET utf8mb4 COLLATE utf8mb4_unicode_520_ci made by require_once('wp-load.php'), require_once('wp-config.php'), require_once('wp-settings.php'), do_action('init'), WP_Hook->do_action, WP_Hook->apply_filters, createTable, dbDelta
[06-Sep-2024 07:19:38 UTC] WordPress database error You have an error in your SQL syntax; check the manual that corresponds to your MySQL server version for the right syntax to use near 'CURDATE(),
        lastModified    DATETIME            NOT NULL default NOW(),' at line 13 for query CREATE TABLE IF NOT EXISTS wp_tqdp_product_traffic_report (
        id              INT(9)              NOT NULL   AUTO_INCREMENT,
        ipv4            varchar(50)         NOT NULL,
        device          varchar(50)         NOT NULL,
        source          varchar(50)         NOT NULL,
        productId       varchar(50)         NOT NULL,
        view            SMALLINT            NOT NULL default 0,
        atc             SMALLINT            NOT NULL default 0,
        checkout        SMALLINT            NOT NULL default 0,
        orderCount      SMALLINT            NOT NULL default 0,
        orderItem       SMALLINT            NOT NULL default 0,
        orderAmount     DECIMAL(10,2)       NOT NULL default 0,
        createDate      DATE                NOT NULL default CURDATE(),
        lastModified    DATETIME            NOT NULL default NOW(),
        PRIMARY KEY  (id)
        ) DEFAULT CHARACTER SET utf8mb4 COLLATE utf8mb4_unicode_520_ci made by require_once('wp-load.php'), require_once('wp-config.php'), require_once('wp-settings.php'), do_action('init'), WP_Hook->do_action, WP_Hook->apply_filters, createTable, dbDelta
[06-Sep-2024 07:19:39 UTC] WordPress database error You have an error in your SQL syntax; check the manual that corresponds to your MySQL server version for the right syntax to use near 'CURDATE(),
        lastModified    DATETIME            NOT NULL default NOW(),' at line 13 for query CREATE TABLE IF NOT EXISTS wp_tqdp_product_traffic (
        id              INT(9)              NOT NULL   AUTO_INCREMENT,
        ipv4            varchar(50)         NOT NULL,
        device          varchar(50)         NOT NULL,
        source          varchar(50)         NOT NULL,
        productId       varchar(50)         NOT NULL,
        view            SMALLINT            NOT NULL default 0,
        atc             SMALLINT            NOT NULL default 0,
        checkout        SMALLINT            NOT NULL default 0,
        orderCount      SMALLINT            NOT NULL default 0,
        orderItem       SMALLINT            NOT NULL default 0,
        orderAmount     DECIMAL(10,2)       NOT NULL default 0,
        createDate      DATE                NOT NULL default CURDATE(),
        lastModified    DATETIME            NOT NULL default NOW(),
        PRIMARY KEY  (id)
        ) DEFAULT CHARACTER SET utf8mb4 COLLATE utf8mb4_unicode_520_ci made by require_once('wp-admin/admin.php'), require_once('wp-load.php'), require_once('wp-config.php'), require_once('wp-settings.php'), do_action('init'), WP_Hook->do_action, WP_Hook->apply_filters, createTable, dbDelta
[06-Sep-2024 07:19:39 UTC] WordPress database error You have an error in your SQL syntax; check the manual that corresponds to your MySQL server version for the right syntax to use near 'CURDATE(),
        lastModified    DATETIME            NOT NULL default NOW(),' at line 13 for query CREATE TABLE IF NOT EXISTS wp_tqdp_product_traffic_report (
        id              INT(9)              NOT NULL   AUTO_INCREMENT,
        ipv4            varchar(50)         NOT NULL,
        device          varchar(50)         NOT NULL,
        source          varchar(50)         NOT NULL,
        productId       varchar(50)         NOT NULL,
        view            SMALLINT            NOT NULL default 0,
        atc             SMALLINT            NOT NULL default 0,
        checkout        SMALLINT            NOT NULL default 0,
        orderCount      SMALLINT            NOT NULL default 0,
        orderItem       SMALLINT            NOT NULL default 0,
        orderAmount     DECIMAL(10,2)       NOT NULL default 0,
        createDate      DATE                NOT NULL default CURDATE(),
        lastModified    DATETIME            NOT NULL default NOW(),
        PRIMARY KEY  (id)
        ) DEFAULT CHARACTER SET utf8mb4 COLLATE utf8mb4_unicode_520_ci made by require_once('wp-admin/admin.php'), require_once('wp-load.php'), require_once('wp-config.php'), require_once('wp-settings.php'), do_action('init'), WP_Hook->do_action, WP_Hook->apply_filters, createTable, dbDelta
[06-Sep-2024 07:19:41 UTC] WordPress database error You have an error in your SQL syntax; check the manual that corresponds to your MySQL server version for the right syntax to use near 'CURDATE(),
        lastModified    DATETIME            NOT NULL default NOW(),' at line 13 for query CREATE TABLE IF NOT EXISTS wp_tqdp_product_traffic (
        id              INT(9)              NOT NULL   AUTO_INCREMENT,
        ipv4            varchar(50)         NOT NULL,
        device          varchar(50)         NOT NULL,
        source          varchar(50)         NOT NULL,
        productId       varchar(50)         NOT NULL,
        view            SMALLINT            NOT NULL default 0,
        atc             SMALLINT            NOT NULL default 0,
        checkout        SMALLINT            NOT NULL default 0,
        orderCount      SMALLINT            NOT NULL default 0,
        orderItem       SMALLINT            NOT NULL default 0,
        orderAmount     DECIMAL(10,2)       NOT NULL default 0,
        createDate      DATE                NOT NULL default CURDATE(),
        lastModified    DATETIME            NOT NULL default NOW(),
        PRIMARY KEY  (id)
        ) DEFAULT CHARACTER SET utf8mb4 COLLATE utf8mb4_unicode_520_ci made by require('wp-blog-header.php'), require_once('wp-load.php'), require_once('wp-config.php'), require_once('wp-settings.php'), do_action('init'), WP_Hook->do_action, WP_Hook->apply_filters, createTable, dbDelta
[06-Sep-2024 07:19:41 UTC] WordPress database error You have an error in your SQL syntax; check the manual that corresponds to your MySQL server version for the right syntax to use near 'CURDATE(),
        lastModified    DATETIME            NOT NULL default NOW(),' at line 13 for query CREATE TABLE IF NOT EXISTS wp_tqdp_product_traffic_report (
        id              INT(9)              NOT NULL   AUTO_INCREMENT,
        ipv4            varchar(50)         NOT NULL,
        device          varchar(50)         NOT NULL,
        source          varchar(50)         NOT NULL,
        productId       varchar(50)         NOT NULL,
        view            SMALLINT            NOT NULL default 0,
        atc             SMALLINT            NOT NULL default 0,
        checkout        SMALLINT            NOT NULL default 0,
        orderCount      SMALLINT            NOT NULL default 0,
        orderItem       SMALLINT            NOT NULL default 0,
        orderAmount     DECIMAL(10,2)       NOT NULL default 0,
        createDate      DATE                NOT NULL default CURDATE(),
        lastModified    DATETIME            NOT NULL default NOW(),
        PRIMARY KEY  (id)
        ) DEFAULT CHARACTER SET utf8mb4 COLLATE utf8mb4_unicode_520_ci made by require('wp-blog-header.php'), require_once('wp-load.php'), require_once('wp-config.php'), require_once('wp-settings.php'), do_action('init'), WP_Hook->do_action, WP_Hook->apply_filters, createTable, dbDelta
[06-Sep-2024 07:20:41 UTC] WordPress database error You have an error in your SQL syntax; check the manual that corresponds to your MySQL server version for the right syntax to use near 'CURDATE(),
        lastModified    DATETIME            NOT NULL default NOW(),' at line 13 for query CREATE TABLE IF NOT EXISTS wp_tqdp_product_traffic (
        id              INT(9)              NOT NULL   AUTO_INCREMENT,
        ipv4            varchar(50)         NOT NULL,
        device          varchar(50)         NOT NULL,
        source          varchar(50)         NOT NULL,
        productId       varchar(50)         NOT NULL,
        view            SMALLINT            NOT NULL default 0,
        atc             SMALLINT            NOT NULL default 0,
        checkout        SMALLINT            NOT NULL default 0,
        orderCount      SMALLINT            NOT NULL default 0,
        orderItem       SMALLINT            NOT NULL default 0,
        orderAmount     DECIMAL(10,2)       NOT NULL default 0,
        createDate      DATE                NOT NULL default CURDATE(),
        lastModified    DATETIME            NOT NULL default NOW(),
        PRIMARY KEY  (id)
        ) DEFAULT CHARACTER SET utf8mb4 COLLATE utf8mb4_unicode_520_ci made by require_once('wp-load.php'), require_once('wp-config.php'), require_once('wp-settings.php'), do_action('init'), WP_Hook->do_action, WP_Hook->apply_filters, createTable, dbDelta
[06-Sep-2024 07:20:41 UTC] WordPress database error You have an error in your SQL syntax; check the manual that corresponds to your MySQL server version for the right syntax to use near 'CURDATE(),
        lastModified    DATETIME            NOT NULL default NOW(),' at line 13 for query CREATE TABLE IF NOT EXISTS wp_tqdp_product_traffic_report (
        id              INT(9)              NOT NULL   AUTO_INCREMENT,
        ipv4            varchar(50)         NOT NULL,
        device          varchar(50)         NOT NULL,
        source          varchar(50)         NOT NULL,
        productId       varchar(50)         NOT NULL,
        view            SMALLINT            NOT NULL default 0,
        atc             SMALLINT            NOT NULL default 0,
        checkout        SMALLINT            NOT NULL default 0,
        orderCount      SMALLINT            NOT NULL default 0,
        orderItem       SMALLINT            NOT NULL default 0,
        orderAmount     DECIMAL(10,2)       NOT NULL default 0,
        createDate      DATE                NOT NULL default CURDATE(),
        lastModified    DATETIME            NOT NULL default NOW(),
        PRIMARY KEY  (id)
        ) DEFAULT CHARACTER SET utf8mb4 COLLATE utf8mb4_unicode_520_ci made by require_once('wp-load.php'), require_once('wp-config.php'), require_once('wp-settings.php'), do_action('init'), WP_Hook->do_action, WP_Hook->apply_filters, createTable, dbDelta
[06-Sep-2024 07:20:42 UTC] WordPress database error You have an error in your SQL syntax; check the manual that corresponds to your MySQL server version for the right syntax to use near 'CURDATE(),
        lastModified    DATETIME            NOT NULL default NOW(),' at line 13 for query CREATE TABLE IF NOT EXISTS wp_tqdp_product_traffic (
        id              INT(9)              NOT NULL   AUTO_INCREMENT,
        ipv4            varchar(50)         NOT NULL,
        device          varchar(50)         NOT NULL,
        source          varchar(50)         NOT NULL,
        productId       varchar(50)         NOT NULL,
        view            SMALLINT            NOT NULL default 0,
        atc             SMALLINT            NOT NULL default 0,
        checkout        SMALLINT            NOT NULL default 0,
        orderCount      SMALLINT            NOT NULL default 0,
        orderItem       SMALLINT            NOT NULL default 0,
        orderAmount     DECIMAL(10,2)       NOT NULL default 0,
        createDate      DATE                NOT NULL default CURDATE(),
        lastModified    DATETIME            NOT NULL default NOW(),
        PRIMARY KEY  (id)
        ) DEFAULT CHARACTER SET utf8mb4 COLLATE utf8mb4_unicode_520_ci made by require_once('wp-load.php'), require_once('wp-config.php'), require_once('wp-settings.php'), do_action('init'), WP_Hook->do_action, WP_Hook->apply_filters, createTable, dbDelta
[06-Sep-2024 07:20:42 UTC] WordPress database error You have an error in your SQL syntax; check the manual that corresponds to your MySQL server version for the right syntax to use near 'CURDATE(),
        lastModified    DATETIME            NOT NULL default NOW(),' at line 13 for query CREATE TABLE IF NOT EXISTS wp_tqdp_product_traffic_report (
        id              INT(9)              NOT NULL   AUTO_INCREMENT,
        ipv4            varchar(50)         NOT NULL,
        device          varchar(50)         NOT NULL,
        source          varchar(50)         NOT NULL,
        productId       varchar(50)         NOT NULL,
        view            SMALLINT            NOT NULL default 0,
        atc             SMALLINT            NOT NULL default 0,
        checkout        SMALLINT            NOT NULL default 0,
        orderCount      SMALLINT            NOT NULL default 0,
        orderItem       SMALLINT            NOT NULL default 0,
        orderAmount     DECIMAL(10,2)       NOT NULL default 0,
        createDate      DATE                NOT NULL default CURDATE(),
        lastModified    DATETIME            NOT NULL default NOW(),
        PRIMARY KEY  (id)
        ) DEFAULT CHARACTER SET utf8mb4 COLLATE utf8mb4_unicode_520_ci made by require_once('wp-load.php'), require_once('wp-config.php'), require_once('wp-settings.php'), do_action('init'), WP_Hook->do_action, WP_Hook->apply_filters, createTable, dbDelta
[06-Sep-2024 07:21:02 UTC] WordPress database error Invalid default value for 'createDate' for query CREATE TABLE IF NOT EXISTS wp_tqdp_product_traffic (
        id              INT(9)              NOT NULL   AUTO_INCREMENT,
        ipv4            varchar(50)         NOT NULL,
        device          varchar(50)         NOT NULL,
        source          varchar(50)         NOT NULL,
        productId       varchar(50)         NOT NULL,
        view            SMALLINT            NOT NULL default 0,
        atc             SMALLINT            NOT NULL default 0,
        checkout        SMALLINT            NOT NULL default 0,
        orderCount      SMALLINT            NOT NULL default 0,
        orderItem       SMALLINT            NOT NULL default 0,
        orderAmount     DECIMAL(10,2)       NOT NULL default 0,
        createDate      DATE                NOT NULL default NOW(),
        lastModified    DATETIME            NOT NULL default NOW(),
        PRIMARY KEY  (id)
        ) DEFAULT CHARACTER SET utf8mb4 COLLATE utf8mb4_unicode_520_ci made by require_once('wp-admin/admin.php'), require_once('wp-load.php'), require_once('wp-config.php'), require_once('wp-settings.php'), do_action('init'), WP_Hook->do_action, WP_Hook->apply_filters, createTable, dbDelta
[06-Sep-2024 07:21:02 UTC] WordPress database error Invalid default value for 'createDate' for query CREATE TABLE IF NOT EXISTS wp_tqdp_product_traffic_report (
        id              INT(9)              NOT NULL   AUTO_INCREMENT,
        ipv4            varchar(50)         NOT NULL,
        device          varchar(50)         NOT NULL,
        source          varchar(50)         NOT NULL,
        productId       varchar(50)         NOT NULL,
        view            SMALLINT            NOT NULL default 0,
        atc             SMALLINT            NOT NULL default 0,
        checkout        SMALLINT            NOT NULL default 0,
        orderCount      SMALLINT            NOT NULL default 0,
        orderItem       SMALLINT            NOT NULL default 0,
        orderAmount     DECIMAL(10,2)       NOT NULL default 0,
        createDate      DATE                NOT NULL default NOW(),
        lastModified    DATETIME            NOT NULL default NOW(),
        PRIMARY KEY  (id)
        ) DEFAULT CHARACTER SET utf8mb4 COLLATE utf8mb4_unicode_520_ci made by require_once('wp-admin/admin.php'), require_once('wp-load.php'), require_once('wp-config.php'), require_once('wp-settings.php'), do_action('init'), WP_Hook->do_action, WP_Hook->apply_filters, createTable, dbDelta
[06-Sep-2024 07:21:02 UTC] WordPress database error Invalid default value for 'createDate' for query CREATE TABLE IF NOT EXISTS wp_tqdp_product_traffic (
        id              INT(9)              NOT NULL   AUTO_INCREMENT,
        ipv4            varchar(50)         NOT NULL,
        device          varchar(50)         NOT NULL,
        source          varchar(50)         NOT NULL,
        productId       varchar(50)         NOT NULL,
        view            SMALLINT            NOT NULL default 0,
        atc             SMALLINT            NOT NULL default 0,
        checkout        SMALLINT            NOT NULL default 0,
        orderCount      SMALLINT            NOT NULL default 0,
        orderItem       SMALLINT            NOT NULL default 0,
        orderAmount     DECIMAL(10,2)       NOT NULL default 0,
        createDate      DATE                NOT NULL default NOW(),
        lastModified    DATETIME            NOT NULL default NOW(),
        PRIMARY KEY  (id)
        ) DEFAULT CHARACTER SET utf8mb4 COLLATE utf8mb4_unicode_520_ci made by require_once('wp-load.php'), require_once('wp-config.php'), require_once('wp-settings.php'), do_action('init'), WP_Hook->do_action, WP_Hook->apply_filters, createTable, dbDelta
[06-Sep-2024 07:21:02 UTC] WordPress database error Invalid default value for 'createDate' for query CREATE TABLE IF NOT EXISTS wp_tqdp_product_traffic_report (
        id              INT(9)              NOT NULL   AUTO_INCREMENT,
        ipv4            varchar(50)         NOT NULL,
        device          varchar(50)         NOT NULL,
        source          varchar(50)         NOT NULL,
        productId       varchar(50)         NOT NULL,
        view            SMALLINT            NOT NULL default 0,
        atc             SMALLINT            NOT NULL default 0,
        checkout        SMALLINT            NOT NULL default 0,
        orderCount      SMALLINT            NOT NULL default 0,
        orderItem       SMALLINT            NOT NULL default 0,
        orderAmount     DECIMAL(10,2)       NOT NULL default 0,
        createDate      DATE                NOT NULL default NOW(),
        lastModified    DATETIME            NOT NULL default NOW(),
        PRIMARY KEY  (id)
        ) DEFAULT CHARACTER SET utf8mb4 COLLATE utf8mb4_unicode_520_ci made by require_once('wp-load.php'), require_once('wp-config.php'), require_once('wp-settings.php'), do_action('init'), WP_Hook->do_action, WP_Hook->apply_filters, createTable, dbDelta
[06-Sep-2024 07:21:04 UTC] WordPress database error Invalid default value for 'createDate' for query CREATE TABLE IF NOT EXISTS wp_tqdp_product_traffic (
        id              INT(9)              NOT NULL   AUTO_INCREMENT,
        ipv4            varchar(50)         NOT NULL,
        device          varchar(50)         NOT NULL,
        source          varchar(50)         NOT NULL,
        productId       varchar(50)         NOT NULL,
        view            SMALLINT            NOT NULL default 0,
        atc             SMALLINT            NOT NULL default 0,
        checkout        SMALLINT            NOT NULL default 0,
        orderCount      SMALLINT            NOT NULL default 0,
        orderItem       SMALLINT            NOT NULL default 0,
        orderAmount     DECIMAL(10,2)       NOT NULL default 0,
        createDate      DATE                NOT NULL default NOW(),
        lastModified    DATETIME            NOT NULL default NOW(),
        PRIMARY KEY  (id)
        ) DEFAULT CHARACTER SET utf8mb4 COLLATE utf8mb4_unicode_520_ci made by require('wp-blog-header.php'), require_once('wp-load.php'), require_once('wp-config.php'), require_once('wp-settings.php'), do_action('init'), WP_Hook->do_action, WP_Hook->apply_filters, createTable, dbDelta
[06-Sep-2024 07:21:04 UTC] WordPress database error Invalid default value for 'createDate' for query CREATE TABLE IF NOT EXISTS wp_tqdp_product_traffic_report (
        id              INT(9)              NOT NULL   AUTO_INCREMENT,
        ipv4            varchar(50)         NOT NULL,
        device          varchar(50)         NOT NULL,
        source          varchar(50)         NOT NULL,
        productId       varchar(50)         NOT NULL,
        view            SMALLINT            NOT NULL default 0,
        atc             SMALLINT            NOT NULL default 0,
        checkout        SMALLINT            NOT NULL default 0,
        orderCount      SMALLINT            NOT NULL default 0,
        orderItem       SMALLINT            NOT NULL default 0,
        orderAmount     DECIMAL(10,2)       NOT NULL default 0,
        createDate      DATE                NOT NULL default NOW(),
        lastModified    DATETIME            NOT NULL default NOW(),
        PRIMARY KEY  (id)
        ) DEFAULT CHARACTER SET utf8mb4 COLLATE utf8mb4_unicode_520_ci made by require('wp-blog-header.php'), require_once('wp-load.php'), require_once('wp-config.php'), require_once('wp-settings.php'), do_action('init'), WP_Hook->do_action, WP_Hook->apply_filters, createTable, dbDelta
[06-Sep-2024 07:21:46 UTC] WordPress database error You have an error in your SQL syntax; check the manual that corresponds to your MySQL server version for the right syntax to use near 'wp_tqdp_product_traffic where createDate = '2024-09-06'' at line 1 for query select * wp_tqdp_product_traffic where createDate = '2024-09-06' made by do_action('toplevel_page_pdp'), WP_Hook->do_action, WP_Hook->apply_filters, show_page_menu, require_once('/plugins/dashboard-pro/inc/include/partials/master.php'), ProductDashboardRepository->get_product_dashboard_traffic_today, ProductDashboardRepository->get_product_dashboard_traffic
[06-Sep-2024 07:22:20 UTC] WordPress database error You have an error in your SQL syntax; check the manual that corresponds to your MySQL server version for the right syntax to use near 'wp_tqdp_product_traffic where createDate = '2024-09-06'' at line 1 for query select * wp_tqdp_product_traffic where createDate = '2024-09-06' made by do_action('toplevel_page_pdp'), WP_Hook->do_action, WP_Hook->apply_filters, show_page_menu, require_once('/plugins/dashboard-pro/inc/include/partials/master.php'), ProductDashboardRepository->get_product_dashboard_traffic_today, ProductDashboardRepository->get_product_dashboard_traffic
[06-Sep-2024 07:25:09 UTC] WordPress database error You have an error in your SQL syntax; check the manual that corresponds to your MySQL server version for the right syntax to use near 'wp_tqdp_product_traffic where createDate = '2024-09-06'' at line 1 for query select * wp_tqdp_product_traffic where createDate = '2024-09-06' made by do_action('toplevel_page_pdp'), WP_Hook->do_action, WP_Hook->apply_filters, show_page_menu, require_once('/plugins/dashboard-pro/inc/include/partials/master.php'), ProductDashboardRepository->get_product_dashboard_traffic_today, ProductDashboardRepository->get_product_dashboard_traffic
[06-Sep-2024 07:26:15 UTC] WordPress database error You have an error in your SQL syntax; check the manual that corresponds to your MySQL server version for the right syntax to use near 'wp_tqdp_product_traffic where createDate = '2024-09-06'' at line 1 for query select * wp_tqdp_product_traffic where createDate = '2024-09-06' made by do_action('toplevel_page_pdp'), WP_Hook->do_action, WP_Hook->apply_filters, show_page_menu, require_once('/plugins/dashboard-pro/inc/include/partials/master.php'), ProductDashboardRepository->get_product_dashboard_traffic_today, ProductDashboardRepository->get_product_dashboard_traffic
[06-Sep-2024 07:29:28 UTC] PHP Deprecated:  Function wp_update_https_detection_errors is <strong>deprecated</strong> since version 6.4.0 with no alternative available. in C:\laragon\www\test\wp-includes\functions.php on line 6085
[06-Sep-2024 08:03:40 UTC] PHP Fatal error:  Uncaught Exception: fsdfdsf in C:\laragon\www\test\wp-content\plugins\dashboard-pro\inc\init.php:5
Stack trace:
#0 C:\laragon\www\test\wp-includes\class-wp-hook.php(324): loadResource('')
#1 C:\laragon\www\test\wp-includes\class-wp-hook.php(348): WP_Hook->apply_filters(NULL, Array)
#2 C:\laragon\www\test\wp-includes\plugin.php(517): WP_Hook->do_action(Array)
#3 C:\laragon\www\test\wp-settings.php(700): do_action('init')
#4 C:\laragon\www\test\wp-config.php(98): require_once('C:\\laragon\\www\\...')
#5 C:\laragon\www\test\wp-load.php(50): require_once('C:\\laragon\\www\\...')
#6 C:\laragon\www\test\wp-admin\admin.php(34): require_once('C:\\laragon\\www\\...')
#7 {main}
  thrown in C:\laragon\www\test\wp-content\plugins\dashboard-pro\inc\init.php on line 5
[06-Sep-2024 08:29:44 UTC] Automatic updates starting...
[06-Sep-2024 08:29:46 UTC] Automatic updates complete.
[06-Sep-2024 09:24:36 UTC] PHP Notice:  Function wpdb::prepare was called <strong>incorrectly</strong>. The query argument of wpdb::prepare() must have a placeholder. Please see <a href="https://developer.wordpress.org/advanced-administration/debug/debug-wordpress/">Debugging in WordPress</a> for more information. (This message was added in version 3.9.0.) in C:\laragon\www\test\wp-includes\functions.php on line 6085
[06-Sep-2024 09:24:36 UTC] PHP Fatal error:  Uncaught Error: Cannot use object of type stdClass as array in C:\laragon\www\test\wp-content\plugins\dashboard-pro\inc\database\product-dashboard-repository.php:41
Stack trace:
#0 C:\laragon\www\test\wp-content\plugins\dashboard-pro\inc\include\partials\master.php(10): ProductDashboardRepository->get_product_names(Array)
#1 C:\laragon\www\test\wp-content\plugins\dashboard-pro\inc\include\option-page.php(17): require_once('C:\\laragon\\www\\...')
#2 C:\laragon\www\test\wp-includes\class-wp-hook.php(324): show_page_menu('')
#3 C:\laragon\www\test\wp-includes\class-wp-hook.php(348): WP_Hook->apply_filters('', Array)
#4 C:\laragon\www\test\wp-includes\plugin.php(517): WP_Hook->do_action(Array)
#5 C:\laragon\www\test\wp-admin\admin.php(259): do_action('toplevel_page_p...')
#6 {main}
  thrown in C:\laragon\www\test\wp-content\plugins\dashboard-pro\inc\database\product-dashboard-repository.php on line 41
[06-Sep-2024 09:25:05 UTC] PHP Notice:  Function wpdb::prepare was called <strong>incorrectly</strong>. The query argument of wpdb::prepare() must have a placeholder. Please see <a href="https://developer.wordpress.org/advanced-administration/debug/debug-wordpress/">Debugging in WordPress</a> for more information. (This message was added in version 3.9.0.) in C:\laragon\www\test\wp-includes\functions.php on line 6085
[06-Sep-2024 09:25:05 UTC] PHP Fatal error:  Uncaught Error: Cannot use object of type stdClass as array in C:\laragon\www\test\wp-content\plugins\dashboard-pro\inc\database\product-dashboard-repository.php:41
Stack trace:
#0 C:\laragon\www\test\wp-content\plugins\dashboard-pro\inc\include\partials\master.php(10): ProductDashboardRepository->get_product_names(Array)
#1 C:\laragon\www\test\wp-content\plugins\dashboard-pro\inc\include\option-page.php(17): require_once('C:\\laragon\\www\\...')
#2 C:\laragon\www\test\wp-includes\class-wp-hook.php(324): show_page_menu('')
#3 C:\laragon\www\test\wp-includes\class-wp-hook.php(348): WP_Hook->apply_filters('', Array)
#4 C:\laragon\www\test\wp-includes\plugin.php(517): WP_Hook->do_action(Array)
#5 C:\laragon\www\test\wp-admin\admin.php(259): do_action('toplevel_page_p...')
#6 {main}
  thrown in C:\laragon\www\test\wp-content\plugins\dashboard-pro\inc\database\product-dashboard-repository.php on line 41
[06-Sep-2024 09:25:48 UTC] PHP Notice:  Function wpdb::prepare was called <strong>incorrectly</strong>. The query argument of wpdb::prepare() must have a placeholder. Please see <a href="https://developer.wordpress.org/advanced-administration/debug/debug-wordpress/">Debugging in WordPress</a> for more information. (This message was added in version 3.9.0.) in C:\laragon\www\test\wp-includes\functions.php on line 6085
[06-Sep-2024 09:25:48 UTC] PHP Fatal error:  Uncaught Error: Cannot use object of type stdClass as array in C:\laragon\www\test\wp-content\plugins\dashboard-pro\inc\database\product-dashboard-repository.php:42
Stack trace:
#0 C:\laragon\www\test\wp-content\plugins\dashboard-pro\inc\include\partials\master.php(10): ProductDashboardRepository->get_product_names(Array)
#1 C:\laragon\www\test\wp-content\plugins\dashboard-pro\inc\include\option-page.php(17): require_once('C:\\laragon\\www\\...')
#2 C:\laragon\www\test\wp-includes\class-wp-hook.php(324): show_page_menu('')
#3 C:\laragon\www\test\wp-includes\class-wp-hook.php(348): WP_Hook->apply_filters('', Array)
#4 C:\laragon\www\test\wp-includes\plugin.php(517): WP_Hook->do_action(Array)
#5 C:\laragon\www\test\wp-admin\admin.php(259): do_action('toplevel_page_p...')
#6 {main}
  thrown in C:\laragon\www\test\wp-content\plugins\dashboard-pro\inc\database\product-dashboard-repository.php on line 42
[06-Sep-2024 09:27:07 UTC] PHP Notice:  Function wpdb::prepare was called <strong>incorrectly</strong>. The query argument of wpdb::prepare() must have a placeholder. Please see <a href="https://developer.wordpress.org/advanced-administration/debug/debug-wordpress/">Debugging in WordPress</a> for more information. (This message was added in version 3.9.0.) in C:\laragon\www\test\wp-includes\functions.php on line 6085
[06-Sep-2024 09:27:07 UTC] PHP Fatal error:  Uncaught Error: Cannot use object of type stdClass as array in C:\laragon\www\test\wp-content\plugins\dashboard-pro\inc\database\product-dashboard-repository.php:43
Stack trace:
#0 C:\laragon\www\test\wp-content\plugins\dashboard-pro\inc\include\partials\master.php(10): ProductDashboardRepository->get_product_names(Array)
#1 C:\laragon\www\test\wp-content\plugins\dashboard-pro\inc\include\option-page.php(17): require_once('C:\\laragon\\www\\...')
#2 C:\laragon\www\test\wp-includes\class-wp-hook.php(324): show_page_menu('')
#3 C:\laragon\www\test\wp-includes\class-wp-hook.php(348): WP_Hook->apply_filters('', Array)
#4 C:\laragon\www\test\wp-includes\plugin.php(517): WP_Hook->do_action(Array)
#5 C:\laragon\www\test\wp-admin\admin.php(259): do_action('toplevel_page_p...')
#6 {main}
  thrown in C:\laragon\www\test\wp-content\plugins\dashboard-pro\inc\database\product-dashboard-repository.php on line 43
[06-Sep-2024 09:28:44 UTC] PHP Notice:  Function wpdb::prepare was called <strong>incorrectly</strong>. The query argument of wpdb::prepare() must have a placeholder. Please see <a href="https://developer.wordpress.org/advanced-administration/debug/debug-wordpress/">Debugging in WordPress</a> for more information. (This message was added in version 3.9.0.) in C:\laragon\www\test\wp-includes\functions.php on line 6085
[06-Sep-2024 09:28:44 UTC] PHP Fatal error:  Uncaught Error: Cannot use object of type stdClass as array in C:\laragon\www\test\wp-content\plugins\dashboard-pro\inc\database\product-dashboard-repository.php:43
Stack trace:
#0 C:\laragon\www\test\wp-content\plugins\dashboard-pro\inc\include\partials\master.php(10): ProductDashboardRepository->get_product_names(Array)
#1 C:\laragon\www\test\wp-content\plugins\dashboard-pro\inc\include\option-page.php(17): require_once('C:\\laragon\\www\\...')
#2 C:\laragon\www\test\wp-includes\class-wp-hook.php(324): show_page_menu('')
#3 C:\laragon\www\test\wp-includes\class-wp-hook.php(348): WP_Hook->apply_filters('', Array)
#4 C:\laragon\www\test\wp-includes\plugin.php(517): WP_Hook->do_action(Array)
#5 C:\laragon\www\test\wp-admin\admin.php(259): do_action('toplevel_page_p...')
#6 {main}
  thrown in C:\laragon\www\test\wp-content\plugins\dashboard-pro\inc\database\product-dashboard-repository.php on line 43
[06-Sep-2024 09:28:52 UTC] PHP Notice:  Function wpdb::prepare was called <strong>incorrectly</strong>. The query argument of wpdb::prepare() must have a placeholder. Please see <a href="https://developer.wordpress.org/advanced-administration/debug/debug-wordpress/">Debugging in WordPress</a> for more information. (This message was added in version 3.9.0.) in C:\laragon\www\test\wp-includes\functions.php on line 6085
[06-Sep-2024 09:28:52 UTC] PHP Fatal error:  Uncaught Error: Cannot use object of type stdClass as array in C:\laragon\www\test\wp-content\plugins\dashboard-pro\inc\database\product-dashboard-repository.php:43
Stack trace:
#0 C:\laragon\www\test\wp-content\plugins\dashboard-pro\inc\include\partials\master.php(10): ProductDashboardRepository->get_product_names(Array)
#1 C:\laragon\www\test\wp-content\plugins\dashboard-pro\inc\include\option-page.php(17): require_once('C:\\laragon\\www\\...')
#2 C:\laragon\www\test\wp-includes\class-wp-hook.php(324): show_page_menu('')
#3 C:\laragon\www\test\wp-includes\class-wp-hook.php(348): WP_Hook->apply_filters('', Array)
#4 C:\laragon\www\test\wp-includes\plugin.php(517): WP_Hook->do_action(Array)
#5 C:\laragon\www\test\wp-admin\admin.php(259): do_action('toplevel_page_p...')
#6 {main}
  thrown in C:\laragon\www\test\wp-content\plugins\dashboard-pro\inc\database\product-dashboard-repository.php on line 43
[06-Sep-2024 09:29:11 UTC] PHP Fatal error:  Uncaught Error: Cannot use object of type stdClass as array in C:\laragon\www\test\wp-content\plugins\dashboard-pro\inc\database\product-dashboard-repository.php:43
Stack trace:
#0 C:\laragon\www\test\wp-content\plugins\dashboard-pro\inc\include\partials\master.php(10): ProductDashboardRepository->get_product_names(Array)
#1 C:\laragon\www\test\wp-content\plugins\dashboard-pro\inc\include\option-page.php(17): require_once('C:\\laragon\\www\\...')
#2 C:\laragon\www\test\wp-includes\class-wp-hook.php(324): show_page_menu('')
#3 C:\laragon\www\test\wp-includes\class-wp-hook.php(348): WP_Hook->apply_filters('', Array)
#4 C:\laragon\www\test\wp-includes\plugin.php(517): WP_Hook->do_action(Array)
#5 C:\laragon\www\test\wp-admin\admin.php(259): do_action('toplevel_page_p...')
#6 {main}
  thrown in C:\laragon\www\test\wp-content\plugins\dashboard-pro\inc\database\product-dashboard-repository.php on line 43
[06-Sep-2024 09:30:22 UTC] PHP Fatal error:  Uncaught Error: Cannot use object of type stdClass as array in C:\laragon\www\test\wp-content\plugins\dashboard-pro\inc\database\product-dashboard-repository.php:43
Stack trace:
#0 C:\laragon\www\test\wp-content\plugins\dashboard-pro\inc\include\partials\master.php(10): ProductDashboardRepository->get_product_names(Array)
#1 C:\laragon\www\test\wp-content\plugins\dashboard-pro\inc\include\option-page.php(17): require_once('C:\\laragon\\www\\...')
#2 C:\laragon\www\test\wp-includes\class-wp-hook.php(324): show_page_menu('')
#3 C:\laragon\www\test\wp-includes\class-wp-hook.php(348): WP_Hook->apply_filters('', Array)
#4 C:\laragon\www\test\wp-includes\plugin.php(517): WP_Hook->do_action(Array)
#5 C:\laragon\www\test\wp-admin\admin.php(259): do_action('toplevel_page_p...')
#6 {main}
  thrown in C:\laragon\www\test\wp-content\plugins\dashboard-pro\inc\database\product-dashboard-repository.php on line 43
[06-Sep-2024 09:31:30 UTC] PHP Notice:  Function wpdb::prepare was called <strong>incorrectly</strong>. The query argument of wpdb::prepare() must have a placeholder. Please see <a href="https://developer.wordpress.org/advanced-administration/debug/debug-wordpress/">Debugging in WordPress</a> for more information. (This message was added in version 3.9.0.) in C:\laragon\www\test\wp-includes\functions.php on line 6085
[06-Sep-2024 09:35:09 UTC] PHP Warning:  Undefined property: stdClass::$prductId in C:\laragon\www\test\wp-content\plugins\dashboard-pro\inc\include\partials\master.php on line 7
[06-Sep-2024 09:35:09 UTC] WordPress database error You have an error in your SQL syntax; check the manual that corresponds to your MySQL server version for the right syntax to use near ')' at line 1 for query select post_title, id from wp_posts where id in () made by do_action('toplevel_page_pdp'), WP_Hook->do_action, WP_Hook->apply_filters, show_page_menu, require_once('/plugins/dashboard-pro/inc/include/partials/master.php'), ProductDashboardRepository->get_product_names
[06-Sep-2024 09:35:09 UTC] PHP Warning:  Undefined variable $names in C:\laragon\www\test\wp-content\plugins\dashboard-pro\inc\include\partials\master.php on line 16
[06-Sep-2024 09:36:34 UTC] PHP Warning:  Undefined property: stdClass::$prductId in C:\laragon\www\test\wp-content\plugins\dashboard-pro\inc\include\partials\master.php on line 6
[06-Sep-2024 09:36:34 UTC] PHP Warning:  Undefined variable $names in C:\laragon\www\test\wp-content\plugins\dashboard-pro\inc\include\partials\master.php on line 17
[06-Sep-2024 09:37:17 UTC] PHP Warning:  Undefined property: stdClass::$prduct_id in C:\laragon\www\test\wp-content\plugins\dashboard-pro\inc\include\partials\master.php on line 6
[06-Sep-2024 09:37:17 UTC] PHP Warning:  Undefined variable $names in C:\laragon\www\test\wp-content\plugins\dashboard-pro\inc\include\partials\master.php on line 17
[06-Sep-2024 09:37:29 UTC] PHP Warning:  Undefined property: stdClass::$product_id in C:\laragon\www\test\wp-content\plugins\dashboard-pro\inc\include\partials\master.php on line 6
[06-Sep-2024 09:37:29 UTC] PHP Warning:  Undefined variable $names in C:\laragon\www\test\wp-content\plugins\dashboard-pro\inc\include\partials\master.php on line 17
[06-Sep-2024 09:37:43 UTC] PHP Warning:  Undefined property: stdClass::$product_id in C:\laragon\www\test\wp-content\plugins\dashboard-pro\inc\include\partials\master.php on line 7
[06-Sep-2024 09:37:43 UTC] PHP Warning:  Undefined variable $names in C:\laragon\www\test\wp-content\plugins\dashboard-pro\inc\include\partials\master.php on line 18
[06-Sep-2024 09:38:21 UTC] PHP Warning:  Undefined variable $names in C:\laragon\www\test\wp-content\plugins\dashboard-pro\inc\include\partials\master.php on line 18
[06-Sep-2024 09:38:29 UTC] PHP Warning:  Undefined variable $names in C:\laragon\www\test\wp-content\plugins\dashboard-pro\inc\include\partials\master.php on line 18
[06-Sep-2024 09:38:43 UTC] PHP Warning:  Undefined variable $names in C:\laragon\www\test\wp-content\plugins\dashboard-pro\inc\include\partials\master.php on line 18
[06-Sep-2024 09:38:58 UTC] PHP Warning:  Undefined variable $names in C:\laragon\www\test\wp-content\plugins\dashboard-pro\inc\include\partials\master.php on line 17
[06-Sep-2024 09:39:50 UTC] PHP Warning:  Undefined variable $productId in C:\laragon\www\test\wp-content\plugins\dashboard-pro\inc\include\partials\master.php on line 6
[06-Sep-2024 09:39:50 UTC] PHP Warning:  foreach() argument must be of type array|object, null given in C:\laragon\www\test\wp-content\plugins\dashboard-pro\inc\database\product-dashboard-repository.php on line 32
[06-Sep-2024 09:39:50 UTC] WordPress database error You have an error in your SQL syntax; check the manual that corresponds to your MySQL server version for the right syntax to use near ')' at line 1 for query select post_title, id from wp_posts where id in () made by do_action('toplevel_page_pdp'), WP_Hook->do_action, WP_Hook->apply_filters, show_page_menu, require_once('/plugins/dashboard-pro/inc/include/partials/master.php'), ProductDashboardRepository->get_product_names
